[2024-04-13 01:13:26] Parsing a shader at: ./resources/meshes/untitled.obj
[2024-04-13 01:13:26] Vertexes parsed
[2024-04-13 01:13:26] UVs parsed
[2024-04-13 01:13:26] 1
[2024-04-13 01:13:26] 1
[2024-04-13 01:13:26] 1
[2024-04-13 01:13:26] Face parsed
[2024-04-13 01:13:26] 5
[2024-04-13 01:13:26] 2
[2024-04-13 01:13:26] 1
[2024-04-13 01:13:26] Face parsed
[2024-04-13 01:13:26] 7
[2024-04-13 01:13:26] 3
[2024-04-13 01:13:26] 1
[2024-04-13 01:13:26] Face parsed
[2024-04-13 01:13:26] 3
[2024-04-13 01:13:26] 4
[2024-04-13 01:13:26] 1
[2024-04-13 01:13:26] Face parsed
[2024-04-13 01:13:26] 2
[2024-04-13 01:13:26] 13
[2024-04-13 01:13:26] 5
[2024-04-13 01:13:26] Face parsed
[2024-04-13 01:13:26] 1
[2024-04-13 01:13:26] 1
[2024-04-13 01:13:26] 5
[2024-04-13 01:13:26] Face parsed
[2024-04-13 01:13:26] 3
[2024-04-13 01:13:26] 4
[2024-04-13 01:13:26] 5
[2024-04-13 01:13:26] Face parsed
[2024-04-13 01:13:26] 4
[2024-04-13 01:13:26] 5
[2024-04-13 01:13:26] 5
[2024-04-13 01:13:26] Face parsed
[2024-04-13 01:13:26] Mesh Parsed.
